  Camera.cpp
  DirectionalLight.cpp
C:\Users\angel\Desktop\LABG\P09\P09-317320509\P09-317320509\DirectionalLight.cpp(18,14): warning C4244: 'argumento': conversión de 'GLfloat' a 'GLint'; posible pérdida de datos
C:\Users\angel\Desktop\LABG\P09\P09-317320509\P09-317320509\DirectionalLight.cpp(19,14): warning C4244: 'argumento': conversión de 'GLfloat' a 'GLint'; posible pérdida de datos
C:\Users\angel\Desktop\LABG\P09\P09-317320509\P09-317320509\DirectionalLight.cpp(21,14): warning C4244: 'argumento': conversión de 'GLfloat' a 'GLint'; posible pérdida de datos
C:\Users\angel\Desktop\LABG\P09\P09-317320509\P09-317320509\DirectionalLight.cpp(22,14): warning C4244: 'argumento': conversión de 'GLfloat' a 'GLint'; posible pérdida de datos
  E09_2-317320509.cpp
C:\Users\angel\Desktop\LABG\P09\P09-317320509\P09-317320509\Window.h(12,36): warning C4244: 'return': conversión de 'GLint' a 'GLfloat'; posible pérdida de datos
C:\Users\angel\Desktop\LABG\P09\P09-317320509\P09-317320509\Window.h(13,37): warning C4244: 'return': conversión de 'GLint' a 'GLfloat'; posible pérdida de datos
C:\Users\angel\Desktop\LABG\P09\P09-317320509\P09-317320509\E09_2-317320509.cpp(463,15): warning C4244: 'inicializando': conversión de 'double' a 'GLfloat'; posible pérdida de datos
C:\Users\angel\Desktop\LABG\P09\P09-317320509\P09-317320509\E09_2-317320509.cpp(465,33): warning C4244: '+=': conversión de 'double' a 'GLfloat'; posible pérdida de datos
C:\Users\angel\Desktop\LABG\P09\P09-317320509\P09-317320509\E09_2-317320509.cpp(467,29): warning C4244: '=': conversión de 'double' a 'float'; posible pérdida de datos
C:\Users\angel\Desktop\LABG\P09\P09-317320509\P09-317320509\E09_2-317320509.cpp(618,21): warning C4305: '+=': truncamiento de 'double' a 'float'
C:\Users\angel\Desktop\LABG\P09\P09-317320509\P09-317320509\E09_2-317320509.cpp(696,21): warning C4305: '=': truncamiento de 'double' a 'float'
C:\Users\angel\Desktop\LABG\P09\P09-317320509\P09-317320509\E09_2-317320509.cpp(729,40): warning C4244: '=': conversión de 'double' a 'float'; posible pérdida de datos
C:\Users\angel\Desktop\LABG\P09\P09-317320509\P09-317320509\E09_2-317320509.cpp(732,22): warning C4305: '=': truncamiento de 'double' a 'float'
C:\Users\angel\Desktop\LABG\P09\P09-317320509\P09-317320509\E09_2-317320509.cpp(733,40): warning C4244: '=': conversión de 'double' a 'float'; posible pérdida de datos
C:\Users\angel\Desktop\LABG\P09\P09-317320509\P09-317320509\E09_2-317320509.cpp(736,22): warning C4305: '=': truncamiento de 'double' a 'float'
C:\Users\angel\Desktop\LABG\P09\P09-317320509\P09-317320509\E09_2-317320509.cpp(740,22): warning C4305: '=': truncamiento de 'double' a 'float'
  Light.cpp
  Material.cpp
  Mesh_tn.cpp
  Model.cpp
C:\Users\angel\Desktop\LABG\P09\P09-317320509\P09-317320509\Model.cpp(16,10): warning C4477: 'printf' : la cadena de formato '%s' requiere un argumento de tipo 'char *', pero el argumento variádico 1 tiene el tipo 'const std::string'
C:\Users\angel\Desktop\LABG\P09\P09-317320509\P09-317320509\Model.cpp(16,80): warning C4474: "printf": se pasaron demasiados argumentos para la cadena de formato
C:\Users\angel\Desktop\LABG\P09\P09-317320509\P09-317320509\Model.cpp(51,7): warning C4804: '<': uso no seguro del tipo 'bool' en la operación
C:\Users\angel\Desktop\LABG\P09\P09-317320509\P09-317320509\Model.cpp(51,21): warning C4018: '<': no coinciden signed/unsigned
C:\Users\angel\Desktop\LABG\P09\P09-317320509\P09-317320509\Model.cpp(138,14): warning C4477: 'printf' : la cadena de formato '%s' requiere un argumento de tipo 'char *', pero el argumento variádico 1 tiene el tipo 'std::string'
C:\Users\angel\Desktop\LABG\P09\P09-317320509\P09-317320509\Model.cpp(147,14): warning C4477: 'printf' : la cadena de formato '%s' requiere un argumento de tipo 'char *', pero el argumento variádico 1 tiene el tipo 'std::string'
  PointLight.cpp
C:\Users\angel\Desktop\LABG\P09\P09-317320509\P09-317320509\PointLight.cpp(28,14): warning C4244: 'argumento': conversión de 'GLfloat' a 'GLint'; posible pérdida de datos
C:\Users\angel\Desktop\LABG\P09\P09-317320509\P09-317320509\PointLight.cpp(29,14): warning C4244: 'argumento': conversión de 'GLfloat' a 'GLint'; posible pérdida de datos
C:\Users\angel\Desktop\LABG\P09\P09-317320509\P09-317320509\PointLight.cpp(30,14): warning C4244: 'argumento': conversión de 'GLfloat' a 'GLint'; posible pérdida de datos
C:\Users\angel\Desktop\LABG\P09\P09-317320509\P09-317320509\PointLight.cpp(32,14): warning C4244: 'argumento': conversión de 'GLfloat' a 'GLint'; posible pérdida de datos
C:\Users\angel\Desktop\LABG\P09\P09-317320509\P09-317320509\PointLight.cpp(33,14): warning C4244: 'argumento': conversión de 'GLfloat' a 'GLint'; posible pérdida de datos
C:\Users\angel\Desktop\LABG\P09\P09-317320509\P09-317320509\PointLight.cpp(34,14): warning C4244: 'argumento': conversión de 'GLfloat' a 'GLint'; posible pérdida de datos
C:\Users\angel\Desktop\LABG\P09\P09-317320509\P09-317320509\PointLight.cpp(35,14): warning C4244: 'argumento': conversión de 'GLfloat' a 'GLint'; posible pérdida de datos
  Shader_light.cpp
C:\Users\angel\Desktop\LABG\P09\P09-317320509\P09-317320509\Shader_light.cpp(215,75): warning C4244: 'argumento': conversión de 'GLuint' a 'GLfloat'; posible pérdida de datos
C:\Users\angel\Desktop\LABG\P09\P09-317320509\P09-317320509\Shader_light.cpp(215,26): warning C4244: 'argumento': conversión de 'GLuint' a 'GLfloat'; posible pérdida de datos
C:\Users\angel\Desktop\LABG\P09\P09-317320509\P09-317320509\Shader_light.cpp(214,91): warning C4244: 'argumento': conversión de 'GLuint' a 'GLfloat'; posible pérdida de datos
C:\Users\angel\Desktop\LABG\P09\P09-317320509\P09-317320509\Shader_light.cpp(214,42): warning C4244: 'argumento': conversión de 'GLuint' a 'GLfloat'; posible pérdida de datos
C:\Users\angel\Desktop\LABG\P09\P09-317320509\P09-317320509\Shader_light.cpp(228,98): warning C4244: 'argumento': conversión de 'GLuint' a 'GLfloat'; posible pérdida de datos
C:\Users\angel\Desktop\LABG\P09\P09-317320509\P09-317320509\Shader_light.cpp(228,62): warning C4244: 'argumento': conversión de 'GLuint' a 'GLfloat'; posible pérdida de datos
C:\Users\angel\Desktop\LABG\P09\P09-317320509\P09-317320509\Shader_light.cpp(228,24): warning C4244: 'argumento': conversión de 'GLuint' a 'GLfloat'; posible pérdida de datos
C:\Users\angel\Desktop\LABG\P09\P09-317320509\P09-317320509\Shader_light.cpp(227,70): warning C4244: 'argumento': conversión de 'GLuint' a 'GLfloat'; posible pérdida de datos
C:\Users\angel\Desktop\LABG\P09\P09-317320509\P09-317320509\Shader_light.cpp(227,24): warning C4244: 'argumento': conversión de 'GLuint' a 'GLfloat'; posible pérdida de datos
C:\Users\angel\Desktop\LABG\P09\P09-317320509\P09-317320509\Shader_light.cpp(226,88): warning C4244: 'argumento': conversión de 'GLuint' a 'GLfloat'; posible pérdida de datos
C:\Users\angel\Desktop\LABG\P09\P09-317320509\P09-317320509\Shader_light.cpp(226,42): warning C4244: 'argumento': conversión de 'GLuint' a 'GLfloat'; posible pérdida de datos
  Skybox.cpp
  Sphere.cpp
C:\Users\angel\Desktop\LABG\P09\P09-317320509\P09-317320509\Sphere.cpp(39,13): warning C4244: 'inicializando': conversión de 'double' a 'float'; posible pérdida de datos
C:\Users\angel\Desktop\LABG\P09\P09-317320509\P09-317320509\Sphere.cpp(43,16): warning C4244: 'inicializando': conversión de 'double' a 'float'; posible pérdida de datos
  SpotLight.cpp
  Texture.cpp
  Window.cpp
C:\Users\angel\Desktop\LABG\P09\P09-317320509\P09-317320509\Window.h(12,36): warning C4244: 'return': conversión de 'GLint' a 'GLfloat'; posible pérdida de datos
C:\Users\angel\Desktop\LABG\P09\P09-317320509\P09-317320509\Window.h(13,37): warning C4244: 'return': conversión de 'GLint' a 'GLfloat'; posible pérdida de datos
C:\Users\angel\Desktop\LABG\P09\P09-317320509\P09-317320509\Window.cpp(366,22): warning C4244: '=': conversión de 'double' a 'GLfloat'; posible pérdida de datos
C:\Users\angel\Desktop\LABG\P09\P09-317320509\P09-317320509\Window.cpp(367,22): warning C4244: '=': conversión de 'double' a 'GLfloat'; posible pérdida de datos
C:\Users\angel\Desktop\LABG\P09\P09-317320509\P09-317320509\Window.cpp(371,28): warning C4244: '=': conversión de 'double' a 'GLfloat'; posible pérdida de datos
C:\Users\angel\Desktop\LABG\P09\P09-317320509\P09-317320509\Window.cpp(372,40): warning C4244: '=': conversión de 'double' a 'GLfloat'; posible pérdida de datos
C:\Users\angel\Desktop\LABG\P09\P09-317320509\P09-317320509\Window.cpp(374,21): warning C4244: '=': conversión de 'double' a 'GLfloat'; posible pérdida de datos
C:\Users\angel\Desktop\LABG\P09\P09-317320509\P09-317320509\Window.cpp(375,21): warning C4244: '=': conversión de 'double' a 'GLfloat'; posible pérdida de datos
  Generando código
  Previous IPDB not found, fall back to full compilation.
C:\Users\angel\Desktop\LABG\P09\P09-317320509\P09-317320509\Window.cpp(97): warning C4715: 'Window::Initialise': no todas las rutas de acceso de control devuelven un valor
  All 988 functions were compiled because no usable IPDB/IOBJ from previous compilation was found.
  Generación de código finalizada
  P09-317320509.vcxproj -> C:\Users\angel\Desktop\LABG\P09\P09-317320509\Release\P09-317320509.exe
